<?xml version="1.0" encoding="UTF-8"?>
<!-- Generated by org.testng.reporters.JUnitReportReporter -->
<testsuite skipped="0" hostname="DR-INDTPTY-007" name="com.api.testcases.EmployeePostrequest" tests="1" failures="0" timestamp="23 Aug 2019 04:33:17 GMT" time="3.645" errors="0">
  <testcase name="postrequest" time="3.645" classname="com.api.testcases.EmployeePostrequest"/>
</testsuite> <!-- com.api.testcases.EmployeePostrequest -->
